[INFO] Scanning for projects...
[INFO] 
[INFO] -------------------------< com.moviex:moviex >--------------------------
[INFO] Building moviex 1.0.0
[INFO]   from pom.xml
[INFO] --------------------------------[ jar ]---------------------------------
[INFO] 
[INFO] >>> spring-boot:3.5.3:run (default-cli) > test-compile @ moviex >>>
[INFO] 
[INFO] --- resources:3.3.1:resources (default-resources) @ moviex ---
[INFO] Copying 1 resource from src\main\resources to target\classes
[INFO] Copying 61 resources from src\main\resources to target\classes
[INFO] 
[INFO] --- compiler:3.14.0:compile (default-compile) @ moviex ---
[INFO] Nothing to compile - all classes are up to date.
[INFO] 
[INFO] --- resources:3.3.1:testResources (default-testResources) @ moviex ---
[INFO] skip non existing resourceDirectory C:\Users\diepn\OneDrive\Máy tính\Game\JDONGWO\MovieC2\source_code\demo\src\test\resources
[INFO] 
[INFO] --- compiler:3.14.0:testCompile (default-testCompile) @ moviex ---
[INFO] No sources to compile
[INFO] 
[INFO] <<< spring-boot:3.5.3:run (default-cli) < test-compile @ moviex <<<
[INFO] 
[INFO] 
[INFO] --- spring-boot:3.5.3:run (default-cli) @ moviex ---
[INFO] Attaching agents: []

  .   ____          _            __ _ _
 /\\ / ___'_ __ _ _(_)_ __  __ _ \ \ \ \
( ( )\___ | '_ | '_| | '_ \/ _` | \ \ \ \
 \\/  ___)| |_)| | | | | || (_| |  ) ) ) )
  '  |____| .__|_| |_|_| |_\__, | / / / /
 =========|_|==============|___/=/_/_/_/

 :: Spring Boot ::                (v3.5.3)

2026-03-11T22:43:27.758+07:00  INFO 23240 --- [moviex] [           main] com.moviex.MoviexApplication             : Starting MoviexApplication using Java 24.0.1 with PID 23240 (C:\Users\diepn\OneDrive\Máy tính\Game\JDONGWO\MovieC2\source_code\demo\target\classes started by ASUS in C:\Users\diepn\OneDrive\Máy tính\Game\JDONGWO\MovieC2\source_code\demo)
2026-03-11T22:43:27.762+07:00  INFO 23240 --- [moviex] [           main] com.moviex.MoviexApplication             : No active profile set, falling back to 1 default profile: "default"
2026-03-11T22:43:28.976+07:00  INFO 23240 --- [moviex] [           main] .s.d.r.c.RepositoryConfigurationDelegate : Bootstrapping Spring Data MongoDB repositories in DEFAULT mode.
2026-03-11T22:43:29.058+07:00  INFO 23240 --- [moviex] [           main] .s.d.r.c.RepositoryConfigurationDelegate : Finished Spring Data repository scanning in 72 ms. Found 2 MongoDB repository interfaces.
2026-03-11T22:43:29.370+07:00  WARN 23240 --- [moviex] [           main] trationDelegate$BeanPostProcessorChecker : Bean 'de.flapdoodle.embed.mongo.spring.autoconfigure.EmbeddedMongoAutoConfiguration' of type [de.flapdoodle.embed.mongo.spring.autoconfigure.EmbeddedMongoAutoConfiguration] is not eligible for getting processed by all BeanPostProcessors (for example: not eligible for auto-proxying). The currently created BeanPostProcessor [fixTransactionAndAuth] is declared through a non-static factory method on that class; consider declaring it as static instead.
2026-03-11T22:43:29.397+07:00  WARN 23240 --- [moviex] [           main] trationDelegate$BeanPostProcessorChecker : Bean 'de.flapdoodle.mongodb.embedded-de.flapdoodle.embed.mongo.spring.autoconfigure.EmbeddedMongoProperties' of type [de.flapdoodle.embed.mongo.spring.autoconfigure.EmbeddedMongoProperties] is not eligible for getting processed by all BeanPostProcessors (for example: not eligible for auto-proxying). Is this bean getting eagerly injected/applied to a currently created BeanPostProcessor [fixTransactionAndAuth]? Check the corresponding BeanPostProcessor declaration and its dependencies/advisors. If this bean does not have to be post-processed, declare it with ROLE_INFRASTRUCTURE.
2026-03-11T22:43:29.449+07:00  WARN 23240 --- [moviex] [           main] trationDelegate$BeanPostProcessorChecker : Bean 'net' of type [de.flapdoodle.embed.mongo.config.ImmutableNet] is not eligible for getting processed by all BeanPostProcessors (for example: not eligible for auto-proxying). Is this bean getting eagerly injected/applied to a currently created BeanPostProcessor [fixTransactionAndAuth]? Check the corresponding BeanPostProcessor declaration and its dependencies/advisors. If this bean does not have to be post-processed, declare it with ROLE_INFRASTRUCTURE.
2026-03-11T22:43:29.461+07:00  WARN 23240 --- [moviex] [           main] trationDelegate$BeanPostProcessorChecker : Bean 'spring.data.mongodb-org.springframework.boot.autoconfigure.mongo.MongoProperties' of type [org.springframework.boot.autoconfigure.mongo.MongoProperties] is not eligible for getting processed by all BeanPostProcessors (for example: not eligible for auto-proxying). Is this bean getting eagerly injected/applied to a currently created BeanPostProcessor [fixTransactionAndAuth]? Check the corresponding BeanPostProcessor declaration and its dependencies/advisors. If this bean does not have to be post-processed, declare it with ROLE_INFRASTRUCTURE.
2026-03-11T22:43:29.848+07:00  INFO 23240 --- [moviex] [           main] o.s.b.w.embedded.tomcat.TomcatWebServer  : Tomcat initialized with port 8080 (http)
2026-03-11T22:43:29.881+07:00  INFO 23240 --- [moviex] [           main] o.apache.catalina.core.StandardService   : Starting service [Tomcat]
2026-03-11T22:43:29.882+07:00  INFO 23240 --- [moviex] [           main] o.apache.catalina.core.StandardEngine    : Starting Servlet engine: [Apache Tomcat/10.1.42]
2026-03-11T22:43:30.027+07:00  INFO 23240 --- [moviex] [           main] o.a.c.c.C.[Tomcat].[localhost].[/]       : Initializing Spring embedded WebApplicationContext
2026-03-11T22:43:30.030+07:00  INFO 23240 --- [moviex] [           main] w.s.c.ServletWebServerApplicationContext : Root WebApplicationContext: initialization completed in 2161 ms
2026-03-11T22:43:30.363+07:00  INFO 23240 --- [moviex] [           main] d.f.e.m.s.a.SyncClientServerFactory      : sync server factory
2026-03-11T22:43:31.061+07:00  INFO 23240 --- [moviex] [       Thread-1] d.f.e.m.s.autoconfigure.EmbeddedMongo    : {"t":{"$date":"2026-03-11T22:43:31.058+07:00"},"s":"I",  "c":"NETWORK",  "id":4915701, "ctx":"thread1","msg":"Initialized wire specification","attr":{"spec":{"incomingExternalClient":{"minWireVersion":0,"maxWireVersion":21},"incomingInternalClient":{"minWireVersion":0,"maxWireVersion":21},"outgoing":{"minWireVersion":6,"maxWireVersion":21},"isInternalClient":true}}}
2026-03-11T22:43:31.169+07:00  INFO 23240 --- [moviex] [       Thread-1] d.f.e.m.s.autoconfigure.EmbeddedMongo    : {"t":{"$date":"2026-03-11T22:43:31.169+07:00"},"s":"I",  "c":"CONTROL",  "id":23285,   "ctx":"thread1","msg":"Automatically disabling TLS 1.0, to force-enable TLS 1.0 specify --sslDisabledProtocols 'none'"}
2026-03-11T22:43:31.176+07:00  INFO 23240 --- [moviex] [       Thread-1] d.f.e.m.s.autoconfigure.EmbeddedMongo    : {"t":{"$date":"2026-03-11T22:43:31.176+07:00"},"s":"I",  "c":"NETWORK",  "id":4648602, "ctx":"thread1","msg":"Implicit TCP FastOpen in use."}
2026-03-11T22:43:31.198+07:00  INFO 23240 --- [moviex] [       Thread-1] d.f.e.m.s.autoconfigure.EmbeddedMongo    : {"t":{"$date":"2026-03-11T22:43:31.197+07:00"},"s":"I",  "c":"REPL",     "id":5123008, "ctx":"thread1","msg":"Successfully registered PrimaryOnlyService","attr":{"service":"TenantMigrationDonorService","namespace":"config.tenantMigrationDonors"}}
2026-03-11T22:43:31.198+07:00  INFO 23240 --- [moviex] [       Thread-1] d.f.e.m.s.autoconfigure.EmbeddedMongo    : {"t":{"$date":"2026-03-11T22:43:31.198+07:00"},"s":"I",  "c":"REPL",     "id":5123008, "ctx":"thread1","msg":"Successfully registered PrimaryOnlyService","attr":{"service":"TenantMigrationRecipientService","namespace":"config.tenantMigrationRecipients"}}
2026-03-11T22:43:31.199+07:00  INFO 23240 --- [moviex] [       Thread-1] d.f.e.m.s.autoconfigure.EmbeddedMongo    : {"t":{"$date":"2026-03-11T22:43:31.199+07:00"},"s":"I",  "c":"CONTROL",  "id":5945603, "ctx":"thread1","msg":"Multi threading initialized"}
2026-03-11T22:43:31.200+07:00  INFO 23240 --- [moviex] [       Thread-1] d.f.e.m.s.autoconfigure.EmbeddedMongo    : {"t":{"$date":"2026-03-11T22:43:31.199+07:00"},"s":"I",  "c":"TENANT_M", "id":7091600, "ctx":"thread1","msg":"Starting TenantMigrationAccessBlockerRegistry"}
2026-03-11T22:43:31.201+07:00  INFO 23240 --- [moviex] [       Thread-1] d.f.e.m.s.autoconfigure.EmbeddedMongo    : {"t":{"$date":"2026-03-11T22:43:31.201+07:00"},"s":"I",  "c":"CONTROL",  "id":4615611, "ctx":"initandlisten","msg":"MongoDB starting","attr":{"pid":7708,"port":59157,"dbPath":"C:/Users/diepn/AppData/Local/Temp/temp--352c7eba-fff8-4367-9701-739a7ad8419f/mongod-database16921667221977328255","architecture":"64-bit","host":"ASUS"}}
2026-03-11T22:43:31.202+07:00  INFO 23240 --- [moviex] [       Thread-1] d.f.e.m.s.autoconfigure.EmbeddedMongo    : {"t":{"$date":"2026-03-11T22:43:31.201+07:00"},"s":"I",  "c":"CONTROL",  "id":23398,   "ctx":"initandlisten","msg":"Target operating system minimum version","attr":{"targetMinOS":"Windows 7/Windows Server 2008 R2"}}
2026-03-11T22:43:31.202+07:00  INFO 23240 --- [moviex] [       Thread-1] d.f.e.m.s.autoconfigure.EmbeddedMongo    : {"t":{"$date":"2026-03-11T22:43:31.201+07:00"},"s":"I",  "c":"CONTROL",  "id":23403,   "ctx":"initandlisten","msg":"Build Info","attr":{"buildInfo":{"version":"7.0.5","gitVersion":"7809d71e84e314b497f282ea8aa06d7ded3eb205","modules":[],"allocator":"tcmalloc","environment":{"distmod":"windows","distarch":"x86_64","target_arch":"x86_64"}}}}
2026-03-11T22:43:31.202+07:00  INFO 23240 --- [moviex] [       Thread-1] d.f.e.m.s.autoconfigure.EmbeddedMongo    : {"t":{"$date":"2026-03-11T22:43:31.201+07:00"},"s":"I",  "c":"CONTROL",  "id":51765,   "ctx":"initandlisten","msg":"Operating System","attr":{"os":{"name":"Microsoft Windows 10","version":"10.0 (build 26200)"}}}
2026-03-11T22:43:31.203+07:00  INFO 23240 --- [moviex] [       Thread-1] d.f.e.m.s.autoconfigure.EmbeddedMongo    : {"t":{"$date":"2026-03-11T22:43:31.201+07:00"},"s":"I",  "c":"CONTROL",  "id":21951,   "ctx":"initandlisten","msg":"Options set by command line","attr":{"options":{"net":{"bindIp":"127.0.0.1","port":59157},"security":{"authorization":"disabled"},"storage":{"dbPath":"C:\\Users\\diepn\\AppData\\Local\\Temp\\temp--352c7eba-fff8-4367-9701-739a7ad8419f\\mongod-database16921667221977328255","syncPeriodSecs":0}}}}
2026-03-11T22:43:31.208+07:00  INFO 23240 --- [moviex] [       Thread-1] d.f.e.m.s.autoconfigure.EmbeddedMongo    : {"t":{"$date":"2026-03-11T22:43:31.208+07:00"},"s":"I",  "c":"STORAGE",  "id":22315,   "ctx":"initandlisten","msg":"Opening WiredTiger","attr":{"config":"create,cache_size=3431M,session_max=33000,eviction=(threads_min=4,threads_max=4),config_base=false,statistics=(fast),log=(enabled=true,remove=true,path=journal,compressor=snappy),builtin_extension_config=(zstd=(compression_level=6)),file_manager=(close_idle_time=600,close_scan_interval=10,close_handle_minimum=2000),statistics_log=(wait=0),json_output=(error,message),verbose=[recovery_progress:1,checkpoint_progress:1,compact_progress:1,backup:0,checkpoint:0,compact:0,evict:0,history_store:0,recovery:0,rts:0,salvage:0,tiered:0,timestamp:0,transaction:0,verify:0,log:0],"}}
2026-03-11T22:43:31.322+07:00  INFO 23240 --- [moviex] [       Thread-1] d.f.e.m.s.autoconfigure.EmbeddedMongo    : {"t":{"$date":"2026-03-11T22:43:31.322+07:00"},"s":"I",  "c":"STORAGE",  "id":4795906, "ctx":"initandlisten","msg":"WiredTiger opened","attr":{"durationMillis":114}}
2026-03-11T22:43:31.323+07:00  INFO 23240 --- [moviex] [       Thread-1] d.f.e.m.s.autoconfigure.EmbeddedMongo    : {"t":{"$date":"2026-03-11T22:43:31.322+07:00"},"s":"I",  "c":"RECOVERY", "id":23987,   "ctx":"initandlisten","msg":"WiredTiger recoveryTimestamp","attr":{"recoveryTimestamp":{"$timestamp":{"t":0,"i":0}}}}
2026-03-11T22:43:31.357+07:00  INFO 23240 --- [moviex] [       Thread-1] d.f.e.m.s.autoconfigure.EmbeddedMongo    : {"t":{"$date":"2026-03-11T22:43:31.358+07:00"},"s":"I",  "c":"STORAGE",  "id":20320,   "ctx":"initandlisten","msg":"createCollection","attr":{"namespace":"admin.system.version","uuidDisposition":"provided","uuid":{"uuid":{"$uuid":"27922295-6863-430e-b632-189d79c090e4"}},"options":{"uuid":{"$uuid":"27922295-6863-430e-b632-189d79c090e4"}}}}
2026-03-11T22:43:31.379+07:00  INFO 23240 --- [moviex] [       Thread-1] d.f.e.m.s.autoconfigure.EmbeddedMongo    : {"t":{"$date":"2026-03-11T22:43:31.380+07:00"},"s":"I",  "c":"INDEX",    "id":20345,   "ctx":"initandlisten","msg":"Index build: done building","attr":{"buildUUID":null,"collectionUUID":{"uuid":{"$uuid":"27922295-6863-430e-b632-189d79c090e4"}},"namespace":"admin.system.version","index":"_id_","ident":"index-1--8849384438699246203","collectionIdent":"collection-0--8849384438699246203","commitTimestamp":null}}
2026-03-11T22:43:31.385+07:00  INFO 23240 --- [moviex] [       Thread-1] d.f.e.m.s.autoconfigure.EmbeddedMongo    : {"t":{"$date":"2026-03-11T22:43:31.385+07:00"},"s":"I",  "c":"REPL",     "id":20459,   "ctx":"initandlisten","msg":"Setting featureCompatibilityVersion","attr":{"newVersion":"7.0"}}
2026-03-11T22:43:31.385+07:00  INFO 23240 --- [moviex] [       Thread-1] d.f.e.m.s.autoconfigure.EmbeddedMongo    : {"t":{"$date":"2026-03-11T22:43:31.386+07:00"},"s":"I",  "c":"REPL",     "id":5853300, "ctx":"initandlisten","msg":"current featureCompatibilityVersion value","attr":{"featureCompatibilityVersion":"7.0","context":"setFCV"}}
2026-03-11T22:43:31.387+07:00  INFO 23240 --- [moviex] [       Thread-1] d.f.e.m.s.autoconfigure.EmbeddedMongo    : {"t":{"$date":"2026-03-11T22:43:31.386+07:00"},"s":"I",  "c":"NETWORK",  "id":4915702, "ctx":"initandlisten","msg":"Updated wire specification","attr":{"oldSpec":{"incomingExternalClient":{"minWireVersion":0,"maxWireVersion":21},"incomingInternalClient":{"minWireVersion":0,"maxWireVersion":21},"outgoing":{"minWireVersion":6,"maxWireVersion":21},"isInternalClient":true},"newSpec":{"incomingExternalClient":{"minWireVersion":0,"maxWireVersion":21},"incomingInternalClient":{"minWireVersion":21,"maxWireVersion":21},"outgoing":{"minWireVersion":21,"maxWireVersion":21},"isInternalClient":true}}}
2026-03-11T22:43:31.388+07:00  INFO 23240 --- [moviex] [       Thread-1] d.f.e.m.s.autoconfigure.EmbeddedMongo    : {"t":{"$date":"2026-03-11T22:43:31.388+07:00"},"s":"I",  "c":"NETWORK",  "id":4915702, "ctx":"initandlisten","msg":"Updated wire specification","attr":{"oldSpec":{"incomingExternalClient":{"minWireVersion":0,"maxWireVersion":21},"incomingInternalClient":{"minWireVersion":21,"maxWireVersion":21},"outgoing":{"minWireVersion":21,"maxWireVersion":21},"isInternalClient":true},"newSpec":{"incomingExternalClient":{"minWireVersion":0,"maxWireVersion":21},"incomingInternalClient":{"minWireVersion":21,"maxWireVersion":21},"outgoing":{"minWireVersion":21,"maxWireVersion":21},"isInternalClient":true}}}
2026-03-11T22:43:31.389+07:00  INFO 23240 --- [moviex] [       Thread-1] d.f.e.m.s.autoconfigure.EmbeddedMongo    : {"t":{"$date":"2026-03-11T22:43:31.388+07:00"},"s":"I",  "c":"REPL",     "id":5853300, "ctx":"initandlisten","msg":"current featureCompatibilityVersion value","attr":{"featureCompatibilityVersion":"7.0","context":"startup"}}
2026-03-11T22:43:31.390+07:00  INFO 23240 --- [moviex] [       Thread-1] d.f.e.m.s.autoconfigure.EmbeddedMongo    : {"t":{"$date":"2026-03-11T22:43:31.389+07:00"},"s":"I",  "c":"STORAGE",  "id":5071100, "ctx":"initandlisten","msg":"Clearing temp directory"}
2026-03-11T22:43:31.390+07:00  INFO 23240 --- [moviex] [       Thread-1] d.f.e.m.s.autoconfigure.EmbeddedMongo    : {"t":{"$date":"2026-03-11T22:43:31.390+07:00"},"s":"I",  "c":"CONTROL",  "id":6608200, "ctx":"initandlisten","msg":"Initializing cluster server parameters from disk"}
2026-03-11T22:43:31.390+07:00  INFO 23240 --- [moviex] [       Thread-1] d.f.e.m.s.autoconfigure.EmbeddedMongo    : {"t":{"$date":"2026-03-11T22:43:31.391+07:00"},"s":"I",  "c":"CONTROL",  "id":20536,   "ctx":"initandlisten","msg":"Flow Control is enabled on this deployment"}
2026-03-11T22:43:32.107+07:00  INFO 23240 --- [moviex] [       Thread-1] d.f.e.m.s.autoconfigure.EmbeddedMongo    : {"t":{"$date":"2026-03-11T22:43:32.107+07:00"},"s":"I",  "c":"FTDC",     "id":20625,   "ctx":"initandlisten","msg":"Initializing full-time diagnostic data capture","attr":{"dataDirectory":"C:/Users/diepn/AppData/Local/Temp/temp--352c7eba-fff8-4367-9701-739a7ad8419f/mongod-database16921667221977328255/diagnostic.data"}}
2026-03-11T22:43:32.127+07:00  INFO 23240 --- [moviex] [       Thread-1] d.f.e.m.s.autoconfigure.EmbeddedMongo    : {"t":{"$date":"2026-03-11T22:43:32.126+07:00"},"s":"I",  "c":"STORAGE",  "id":20320,   "ctx":"initandlisten","msg":"createCollection","attr":{"namespace":"local.startup_log","uuidDisposition":"generated","uuid":{"uuid":{"$uuid":"a3d8df9f-3ef9-4cf0-80f5-5c48ef1307b9"}},"options":{"capped":true,"size":10485760}}}
2026-03-11T22:43:32.140+07:00  INFO 23240 --- [moviex] [       Thread-1] d.f.e.m.s.autoconfigure.EmbeddedMongo    : {"t":{"$date":"2026-03-11T22:43:32.141+07:00"},"s":"I",  "c":"INDEX",    "id":20345,   "ctx":"initandlisten","msg":"Index build: done building","attr":{"buildUUID":null,"collectionUUID":{"uuid":{"$uuid":"a3d8df9f-3ef9-4cf0-80f5-5c48ef1307b9"}},"namespace":"local.startup_log","index":"_id_","ident":"index-3--8849384438699246203","collectionIdent":"collection-2--8849384438699246203","commitTimestamp":null}}
2026-03-11T22:43:32.142+07:00  INFO 23240 --- [moviex] [       Thread-1] d.f.e.m.s.autoconfigure.EmbeddedMongo    : {"t":{"$date":"2026-03-11T22:43:32.142+07:00"},"s":"I",  "c":"REPL",     "id":6015317, "ctx":"initandlisten","msg":"Setting new configuration state","attr":{"newState":"ConfigReplicationDisabled","oldState":"ConfigPreStart"}}
2026-03-11T22:43:32.142+07:00  INFO 23240 --- [moviex] [       Thread-1] d.f.e.m.s.autoconfigure.EmbeddedMongo    : {"t":{"$date":"2026-03-11T22:43:32.142+07:00"},"s":"I",  "c":"STORAGE",  "id":22262,   "ctx":"initandlisten","msg":"Timestamp monitor starting"}
2026-03-11T22:43:32.149+07:00  INFO 23240 --- [moviex] [       Thread-1] d.f.e.m.s.autoconfigure.EmbeddedMongo    : {"t":{"$date":"2026-03-11T22:43:32.149+07:00"},"s":"I",  "c":"NETWORK",  "id":23015,   "ctx":"listener","msg":"Listening on","attr":{"address":"127.0.0.1"}}
2026-03-11T22:43:32.150+07:00  INFO 23240 --- [moviex] [       Thread-1] d.f.e.m.s.autoconfigure.EmbeddedMongo    : {"t":{"$date":"2026-03-11T22:43:32.149+07:00"},"s":"I",  "c":"NETWORK",  "id":23016,   "ctx":"listener","msg":"Waiting for connections","attr":{"port":59157,"ssl":"off"}}
2026-03-11T22:43:32.151+07:00  INFO 23240 --- [moviex] [       Thread-1] d.f.e.m.s.autoconfigure.EmbeddedMongo    : {"t":{"$date":"2026-03-11T22:43:32.149+07:00"},"s":"I",  "c":"CONTROL",  "id":8423403, "ctx":"initandlisten","msg":"mongod startup complete","attr":{"Summary of time elapsed":{"Startup from clean shutdown?":true,"Statistics":{"Transport layer setup":"0 ms","Run initial syncer crash recovery":"0 ms","Create storage engine lock file in the data directory":"0 ms","Get metadata describing storage engine":"0 ms","Create storage engine":"135 ms","Write current PID to file":"0 ms","Write a new metadata for storage engine":"10 ms","Initialize FCV before rebuilding indexes":"2 ms","Drop abandoned idents and get back indexes that need to be rebuilt or builds that need to be restarted":"0 ms","Rebuild indexes for collections":"0 ms","Load cluster parameters from disk for a standalone":"1 ms","Build user and roles graph":"0 ms","Set up the background thread pool responsible for waiting for opTimes to be majority committed":"4 ms","Initialize information needed to make a mongod instance shard aware":"0 ms","Start up the replication coordinator":"1 ms","Start transport layer":"0 ms","_initAndListen total elapsed time":"948 ms"}}}}
2026-03-11T22:43:32.160+07:00  INFO 23240 --- [moviex] [       Thread-1] d.f.e.m.s.autoconfigure.EmbeddedMongo    : {"t":{"$date":"2026-03-11T22:43:32.161+07:00"},"s":"I",  "c":"CONTROL",  "id":20712,   "ctx":"LogicalSessionCacheReap","msg":"Sessions collection is not set up; waiting until next sessions reap interval","attr":{"error":"NamespaceNotFound: config.system.sessions does not exist"}}
2026-03-11T22:43:32.163+07:00  INFO 23240 --- [moviex] [       Thread-1] d.f.e.m.s.autoconfigure.EmbeddedMongo    : {"t":{"$date":"2026-03-11T22:43:32.163+07:00"},"s":"I",  "c":"STORAGE",  "id":20320,   "ctx":"LogicalSessionCacheRefresh","msg":"createCollection","attr":{"namespace":"config.system.sessions","uuidDisposition":"generated","uuid":{"uuid":{"$uuid":"5c4a95c8-1cfc-41fa-bd9e-4bd06acaa563"}},"options":{}}}
2026-03-11T22:43:32.177+07:00  INFO 23240 --- [moviex] [       Thread-1] d.f.e.m.s.autoconfigure.EmbeddedMongo    : {"t":{"$date":"2026-03-11T22:43:32.177+07:00"},"s":"I",  "c":"REPL",     "id":7360102, "ctx":"LogicalSessionCacheRefresh","msg":"Added oplog entry for create to transaction","attr":{"namespace":"config.$cmd","uuid":{"uuid":{"$uuid":"5c4a95c8-1cfc-41fa-bd9e-4bd06acaa563"}},"object":{"create":"system.sessions","idIndex":{"v":2,"key":{"_id":1},"name":"_id_"}}}}
2026-03-11T22:43:32.179+07:00  INFO 23240 --- [moviex] [       Thread-1] d.f.e.m.s.autoconfigure.EmbeddedMongo    : {"t":{"$date":"2026-03-11T22:43:32.177+07:00"},"s":"I",  "c":"REPL",     "id":7360100, "ctx":"LogicalSessionCacheRefresh","msg":"Added oplog entry for createIndexes to transaction","attr":{"namespace":"config.$cmd","uuid":{"uuid":{"$uuid":"5c4a95c8-1cfc-41fa-bd9e-4bd06acaa563"}},"object":{"createIndexes":"system.sessions","v":2,"key":{"lastUse":1},"name":"lsidTTLIndex","expireAfterSeconds":1800}}}
2026-03-11T22:43:32.185+07:00  INFO 23240 --- [moviex] [       Thread-1] d.f.e.m.s.autoconfigure.EmbeddedMongo    : {"t":{"$date":"2026-03-11T22:43:32.185+07:00"},"s":"I",  "c":"INDEX",    "id":20345,   "ctx":"LogicalSessionCacheRefresh","msg":"Index build: done building","attr":{"buildUUID":null,"collectionUUID":{"uuid":{"$uuid":"5c4a95c8-1cfc-41fa-bd9e-4bd06acaa563"}},"namespace":"config.system.sessions","index":"_id_","ident":"index-5--8849384438699246203","collectionIdent":"collection-4--8849384438699246203","commitTimestamp":null}}
2026-03-11T22:43:32.186+07:00  INFO 23240 --- [moviex] [       Thread-1] d.f.e.m.s.autoconfigure.EmbeddedMongo    : {"t":{"$date":"2026-03-11T22:43:32.185+07:00"},"s":"I",  "c":"INDEX",    "id":20345,   "ctx":"LogicalSessionCacheRefresh","msg":"Index build: done building","attr":{"buildUUID":null,"collectionUUID":{"uuid":{"$uuid":"5c4a95c8-1cfc-41fa-bd9e-4bd06acaa563"}},"namespace":"config.system.sessions","index":"lsidTTLIndex","ident":"index-6--8849384438699246203","collectionIdent":"collection-4--8849384438699246203","commitTimestamp":null}}
2026-03-11T22:43:32.323+07:00  INFO 23240 --- [moviex] [       Thread-1] d.f.e.m.s.autoconfigure.EmbeddedMongo    : {"t":{"$date":"2026-03-11T22:43:32.324+07:00"},"s":"I",  "c":"NETWORK",  "id":22943,   "ctx":"listener","msg":"Connection accepted","attr":{"remote":"127.0.0.1:59160","uuid":{"uuid":{"$uuid":"87c22d22-43a6-481a-84c0-dfab23cb6df7"}},"connectionId":1,"connectionCount":1}}
2026-03-11T22:43:32.334+07:00  INFO 23240 --- [moviex] [           main] org.mongodb.driver.client                : MongoClient with metadata {"driver": {"name": "mongo-java-driver|sync|spring-boot", "version": "5.5.1"}, "os": {"type": "Windows", "name": "Windows 11", "architecture": "amd64", "version": "10.0"}, "platform": "Java/Oracle Corporation/24.0.1+9-30"} created with settings MongoClientSettings{readPreference=primary, writeConcern=WriteConcern{w=null, wTimeout=null ms, journal=null}, retryWrites=true, retryReads=true, readConcern=ReadConcern{level=null}, credential=null, transportSettings=null, commandListeners=[], codecRegistry=ProvidersCodecRegistry{codecProviders=[ValueCodecProvider{}, BsonValueCodecProvider{}, DBRefCodecProvider{}, DBObjectCodecProvider{}, DocumentCodecProvider{}, CollectionCodecProvider{}, IterableCodecProvider{}, MapCodecProvider{}, GeoJsonCodecProvider{}, GridFSFileCodecProvider{}, Jsr310CodecProvider{}, JsonObjectCodecProvider{}, BsonCodecProvider{}, EnumCodecProvider{}, com.mongodb.client.model.mql.ExpressionCodecProvider@2dafae61, com.mongodb.Jep395RecordCodecProvider@7a2fce12, com.mongodb.KotlinCodecProvider@66e17eff]}, loggerSettings=LoggerSettings{maxDocumentLength=1000}, clusterSettings={hosts=[kubernetes.docker.internal:59157], srvServiceName=mongodb, mode=SINGLE, requiredClusterType=UNKNOWN, requiredReplicaSetName='null', serverSelector='null', clusterListeners='[]', serverSelectionTimeout='30000 ms', localThreshold='15 ms'}, socketSettings=SocketSettings{connectTimeoutMS=10000, readTimeoutMS=0, receiveBufferSize=0, proxySettings=ProxySettings{host=null, port=null, username=null, password=null}}, heartbeatSocketSettings=SocketSettings{connectTimeoutMS=10000, readTimeoutMS=10000, receiveBufferSize=0, proxySettings=ProxySettings{host=null, port=null, username=null, password=null}}, connectionPoolSettings=ConnectionPoolSettings{maxSize=100, minSize=0, maxWaitTimeMS=120000, maxConnectionLifeTimeMS=0, maxConnectionIdleTimeMS=0, maintenanceInitialDelayMS=0, maintenanceFrequencyMS=60000, connectionPoolListeners=[], maxConnecting=2}, serverSettings=ServerSettings{heartbeatFrequencyMS=10000, minHeartbeatFrequencyMS=500, serverMonitoringMode=AUTO, serverListeners='[]', serverMonitorListeners='[]'}, sslSettings=SslSettings{enabled=false, invalidHostNameAllowed=false, context=null}, applicationName='null', compressorList=[], uuidRepresentation=JAVA_LEGACY, serverApi=null, autoEncryptionSettings=null, dnsClient=null, inetAddressResolver=null, contextProvider=null, timeoutMS=null}
2026-03-11T22:43:32.341+07:00  INFO 23240 --- [moviex] [       Thread-1] d.f.e.m.s.autoconfigure.EmbeddedMongo    : {"t":{"$date":"2026-03-11T22:43:32.341+07:00"},"s":"I",  "c":"NETWORK",  "id":51800,   "ctx":"conn1","msg":"client metadata","attr":{"remote":"127.0.0.1:59160","client":"conn1","doc":{"driver":{"name":"mongo-java-driver|sync|spring-boot","version":"5.5.1"},"os":{"type":"Windows","name":"Windows 11","architecture":"amd64","version":"10.0"},"platform":"Java/Oracle Corporation/24.0.1+9-30"}}}
2026-03-11T22:43:32.364+07:00  INFO 23240 --- [moviex] [.internal:59157] org.mongodb.driver.cluster               : Monitor thread successfully connected to server with description ServerDescription{address=kubernetes.docker.internal:59157, type=STANDALONE, cryptd=false, state=CONNECTED, ok=true, minWireVersion=0, maxWireVersion=21, maxDocumentSize=16777216, logicalSessionTimeoutMinutes=30, roundTripTimeNanos=35222000, minRoundTripTimeNanos=0}
2026-03-11T22:43:32.373+07:00  INFO 23240 --- [moviex] [       Thread-1] d.f.e.m.s.autoconfigure.EmbeddedMongo    : {"t":{"$date":"2026-03-11T22:43:32.373+07:00"},"s":"I",  "c":"NETWORK",  "id":22943,   "ctx":"listener","msg":"Connection accepted","attr":{"remote":"127.0.0.1:59161","uuid":{"uuid":{"$uuid":"b7a95265-5e3c-45ff-8152-0e5291e28b54"}},"connectionId":2,"connectionCount":2}}
2026-03-11T22:43:32.379+07:00  INFO 23240 --- [moviex] [       Thread-1] d.f.e.m.s.autoconfigure.EmbeddedMongo    : {"t":{"$date":"2026-03-11T22:43:32.380+07:00"},"s":"I",  "c":"NETWORK",  "id":51800,   "ctx":"conn2","msg":"client metadata","attr":{"remote":"127.0.0.1:59161","client":"conn2","doc":{"driver":{"name":"mongo-java-driver|sync|spring-boot","version":"5.5.1"},"os":{"type":"Windows","name":"Windows 11","architecture":"amd64","version":"10.0"},"platform":"Java/Oracle Corporation/24.0.1+9-30"}}}
2026-03-11T22:43:33.208+07:00  INFO 23240 --- [moviex] [           main] o.s.b.a.w.s.WelcomePageHandlerMapping    : Adding welcome page template: index
2026-03-11T22:43:33.707+07:00  INFO 23240 --- [moviex] [           main] o.s.b.w.embedded.tomcat.TomcatWebServer  : Tomcat started on port 8080 (http) with context path '/'
2026-03-11T22:43:33.718+07:00  INFO 23240 --- [moviex] [           main] com.moviex.MoviexApplication             : Started MoviexApplication in 6.832 seconds (process running for 7.554)
2026-03-11T22:43:33.795+07:00  INFO 23240 --- [moviex] [       Thread-1] d.f.e.m.s.autoconfigure.EmbeddedMongo    : {"t":{"$date":"2026-03-11T22:43:33.796+07:00"},"s":"I",  "c":"NETWORK",  "id":22943,   "ctx":"listener","msg":"Connection accepted","attr":{"remote":"127.0.0.1:59162","uuid":{"uuid":{"$uuid":"96cade9b-069b-4ec4-bb26-4ff0fd072551"}},"connectionId":3,"connectionCount":3}}
2026-03-11T22:43:33.797+07:00  INFO 23240 --- [moviex] [       Thread-1] d.f.e.m.s.autoconfigure.EmbeddedMongo    : {"t":{"$date":"2026-03-11T22:43:33.797+07:00"},"s":"I",  "c":"NETWORK",  "id":51800,   "ctx":"conn3","msg":"client metadata","attr":{"remote":"127.0.0.1:59162","client":"conn3","doc":{"driver":{"name":"mongo-java-driver|sync|spring-boot","version":"5.5.1"},"os":{"type":"Windows","name":"Windows 11","architecture":"amd64","version":"10.0"},"platform":"Java/Oracle Corporation/24.0.1+9-30"}}}
2026-03-11T22:43:33.818+07:00  INFO 23240 --- [moviex] [       Thread-1] d.f.e.m.s.autoconfigure.EmbeddedMongo    : {"t":{"$date":"2026-03-11T22:43:33.818+07:00"},"s":"I",  "c":"NETWORK",  "id":6788700, "ctx":"conn3","msg":"Received first command on ingress connection since session start or auth handshake","attr":{"elapsedMillis":20}}
2026-03-11T22:43:33.969+07:00  INFO 23240 --- [moviex] [       Thread-1] d.f.e.m.s.autoconfigure.EmbeddedMongo    : {"t":{"$date":"2026-03-11T22:43:33.969+07:00"},"s":"I",  "c":"STORAGE",  "id":20320,   "ctx":"conn3","msg":"createCollection","attr":{"namespace":"moviex.movies","uuidDisposition":"generated","uuid":{"uuid":{"$uuid":"3185002a-b957-418d-b291-d5ad5d68d117"}},"options":{}}}
2026-03-11T22:43:33.995+07:00  INFO 23240 --- [moviex] [       Thread-1] d.f.e.m.s.autoconfigure.EmbeddedMongo    : {"t":{"$date":"2026-03-11T22:43:33.996+07:00"},"s":"I",  "c":"REPL",     "id":7360102, "ctx":"conn3","msg":"Added oplog entry for create to transaction","attr":{"namespace":"moviex.$cmd","uuid":{"uuid":{"$uuid":"3185002a-b957-418d-b291-d5ad5d68d117"}},"object":{"create":"movies","idIndex":{"v":2,"key":{"_id":1},"name":"_id_"}}}}
2026-03-11T22:43:33.999+07:00  INFO 23240 --- [moviex] [       Thread-1] d.f.e.m.s.autoconfigure.EmbeddedMongo    : {"t":{"$date":"2026-03-11T22:43:33.996+07:00"},"s":"I",  "c":"INDEX",    "id":20345,   "ctx":"conn3","msg":"Index build: done building","attr":{"buildUUID":null,"collectionUUID":{"uuid":{"$uuid":"3185002a-b957-418d-b291-d5ad5d68d117"}},"namespace":"moviex.movies","index":"_id_","ident":"index-8--8849384438699246203","collectionIdent":"collection-7--8849384438699246203","commitTimestamp":null}}
2026-03-11T22:46:38.015+07:00  INFO 23240 --- [moviex] [nio-8080-exec-1] o.a.c.c.C.[Tomcat].[localhost].[/]       : Initializing Spring DispatcherServlet 'dispatcherServlet'
2026-03-11T22:46:38.122+07:00  INFO 23240 --- [moviex] [nio-8080-exec-1] o.s.web.servlet.DispatcherServlet        : Initializing Servlet 'dispatcherServlet'
2026-03-11T22:46:38.218+07:00  INFO 23240 --- [moviex] [nio-8080-exec-1] o.s.web.servlet.DispatcherServlet        : Completed initialization in 94 ms
2026-03-11T22:47:09.879+07:00  INFO 23240 --- [moviex] [       Thread-1] d.f.e.m.s.autoconfigure.EmbeddedMongo    : {"t":{"$date":"2026-03-11T22:47:09.872+07:00"},"s":"I",  "c":"STORAGE",  "id":20320,   "ctx":"conn3","msg":"createCollection","attr":{"namespace":"moviex.users","uuidDisposition":"generated","uuid":{"uuid":{"$uuid":"ad1e8f3d-7163-46fb-9465-50adab1fa47b"}},"options":{}}}
2026-03-11T22:47:09.932+07:00  INFO 23240 --- [moviex] [       Thread-1] d.f.e.m.s.autoconfigure.EmbeddedMongo    : {"t":{"$date":"2026-03-11T22:47:09.932+07:00"},"s":"I",  "c":"REPL",     "id":7360102, "ctx":"conn3","msg":"Added oplog entry for create to transaction","attr":{"namespace":"moviex.$cmd","uuid":{"uuid":{"$uuid":"ad1e8f3d-7163-46fb-9465-50adab1fa47b"}},"object":{"create":"users","idIndex":{"v":2,"key":{"_id":1},"name":"_id_"}}}}
2026-03-11T22:47:09.935+07:00  INFO 23240 --- [moviex] [       Thread-1] d.f.e.m.s.autoconfigure.EmbeddedMongo    : {"t":{"$date":"2026-03-11T22:47:09.935+07:00"},"s":"I",  "c":"INDEX",    "id":20345,   "ctx":"conn3","msg":"Index build: done building","attr":{"buildUUID":null,"collectionUUID":{"uuid":{"$uuid":"ad1e8f3d-7163-46fb-9465-50adab1fa47b"}},"namespace":"moviex.users","index":"_id_","ident":"index-10--8849384438699246203","collectionIdent":"collection-9--8849384438699246203","commitTimestamp":null}}
